=== DJFULL START === Wed Dec 10 07:44:45 PM EAT 2025
[1] makemigrations...
Command 'python' not found, did you mean:
  command 'python3' from deb python3
  command 'python' from deb python-is-python3
[ERROR] makemigrations failed.
=== DJFULL START === Wed Dec 10 07:45:02 PM EAT 2025
[1] makemigrations...
No changes detected
[2] migrate...
Operations to perform:
  Apply all migrations: admin, auth, contenttypes, sessions
Running migrations:
  No migrations to apply.
=== DJFULL START === Wed Dec 10 08:21:01 PM EAT 2025
[1] makemigrations...
SystemCheckError: System check identified some issues:

ERRORS:
accounts.Accounts.groups: (fields.E304) Reverse accessor 'Group.user_set' for 'accounts.Accounts.groups' clashes with reverse accessor for 'auth.User.groups'.
	HINT: Add or change a related_name argument to the definition for 'accounts.Accounts.groups' or 'auth.User.groups'.
accounts.Accounts.user_permissions: (fields.E304) Reverse accessor 'Permission.user_set' for 'accounts.Accounts.user_permissions' clashes with reverse accessor for 'auth.User.user_permissions'.
	HINT: Add or change a related_name argument to the definition for 'accounts.Accounts.user_permissions' or 'auth.User.user_permissions'.
auth.User.groups: (fields.E304) Reverse accessor 'Group.user_set' for 'auth.User.groups' clashes with reverse accessor for 'accounts.Accounts.groups'.
	HINT: Add or change a related_name argument to the definition for 'auth.User.groups' or 'accounts.Accounts.groups'.
auth.User.user_permissions: (fields.E304) Reverse accessor 'Permission.user_set' for 'auth.User.user_permissions' clashes with reverse accessor for 'accounts.Accounts.user_permissions'.
	HINT: Add or change a related_name argument to the definition for 'auth.User.user_permissions' or 'accounts.Accounts.user_permissions'.
[ERROR] makemigrations failed.
=== DJFULL START === Wed Dec 10 08:22:06 PM EAT 2025
[1] makemigrations...
Migrations for 'accounts':
  accounts/migrations/0001_initial.py
    + Create model Accounts
[2] migrate...
Operations to perform:
  Apply all migrations: accounts, admin, auth, authtoken, contenttypes, sessions
Running migrations:
  Applying accounts.0001_initial... OK
  Applying authtoken.0001_initial... OK
  Applying authtoken.0002_auto_20160226_1747... OK
  Applying authtoken.0003_tokenproxy... OK
  Applying authtoken.0004_alter_tokenproxy_options... OK
=== DJFULL START === Sun Dec 14 07:45:15 PM EAT 2025
[1] makemigrations...
Traceback (most recent call last):
  File "/home/keith/python_projects/social_media_api/manage.py", line 22, in <module>
    main()
  File "/home/keith/python_projects/social_media_api/manage.py", line 18, in main
    execute_from_command_line(sys.argv)
  File "/home/keith/python_projects/venv/lib/python3.12/site-packages/django/core/management/__init__.py", line 442, in execute_from_command_line
    utility.execute()
  File "/home/keith/python_projects/venv/lib/python3.12/site-packages/django/core/management/__init__.py", line 416, in execute
    django.setup()
  File "/home/keith/python_projects/venv/lib/python3.12/site-packages/django/__init__.py", line 24, in setup
    apps.populate(settings.INSTALLED_APPS)
  File "/home/keith/python_projects/venv/lib/python3.12/site-packages/django/apps/registry.py", line 116, in populate
    app_config.import_models()
  File "/home/keith/python_projects/venv/lib/python3.12/site-packages/django/apps/config.py", line 269, in import_models
    self.models_module = import_module(models_module_name)
                         ^^^^^^^^^^^^^^^^^^^^^^^^^^^^^^^^^
  File "/usr/lib/python3.12/importlib/__init__.py", line 90, in import_module
    return _bootstrap._gcd_import(name[level:], package, level)
           ^^^^^^^^^^^^^^^^^^^^^^^^^^^^^^^^^^^^^^^^^^^^^^^^^^^^
  File "<frozen importlib._bootstrap>", line 1387, in _gcd_import
  File "<frozen importlib._bootstrap>", line 1360, in _find_and_load
  File "<frozen importlib._bootstrap>", line 1331, in _find_and_load_unlocked
  File "<frozen importlib._bootstrap>", line 935, in _load_unlocked
  File "<frozen importlib._bootstrap_external>", line 995, in exec_module
  File "<frozen importlib._bootstrap>", line 488, in _call_with_frames_removed
  File "/home/keith/python_projects/social_media_api/notifications/models.py", line 8, in <module>
    class Notification(models.Model):
  File "/home/keith/python_projects/social_media_api/notifications/models.py", line 33, in Notification
    target = models.GenericForeignKey('target_content_type', 
             ^^^^^^^^^^^^^^^^^^^^^^^^
AttributeError: module 'django.db.models' has no attribute 'GenericForeignKey'
[ERROR] makemigrations failed.
=== DJFULL START === Sun Dec 14 07:47:42 PM EAT 2025
[1] makemigrations...
Traceback (most recent call last):
  File "/home/keith/python_projects/venv/lib/python3.12/site-packages/django/core/checks/urls.py", line 136, in check_custom_error_handlers
    handler = resolver.resolve_error_handler(status_code)
              ^^^^^^^^^^^^^^^^^^^^^^^^^^^^^^^^^^^^^^^^^^^
  File "/home/keith/python_projects/venv/lib/python3.12/site-packages/django/urls/resolvers.py", line 732, in resolve_error_handler
    callback = getattr(self.urlconf_module, "handler%s" % view_type, None)
                       ^^^^^^^^^^^^^^^^^^^
  File "/home/keith/python_projects/venv/lib/python3.12/site-packages/django/utils/functional.py", line 47, in __get__
    res = instance.__dict__[self.name] = self.func(instance)
                                         ^^^^^^^^^^^^^^^^^^^
  File "/home/keith/python_projects/venv/lib/python3.12/site-packages/django/urls/resolvers.py", line 711, in urlconf_module
    return import_module(self.urlconf_name)
           ^^^^^^^^^^^^^^^^^^^^^^^^^^^^^^^^
  File "/usr/lib/python3.12/importlib/__init__.py", line 90, in import_module
    return _bootstrap._gcd_import(name[level:], package, level)
           ^^^^^^^^^^^^^^^^^^^^^^^^^^^^^^^^^^^^^^^^^^^^^^^^^^^^
  File "<frozen importlib._bootstrap>", line 1387, in _gcd_import
  File "<frozen importlib._bootstrap>", line 1360, in _find_and_load
  File "<frozen importlib._bootstrap>", line 1331, in _find_and_load_unlocked
  File "<frozen importlib._bootstrap>", line 935, in _load_unlocked
  File "<frozen importlib._bootstrap_external>", line 995, in exec_module
  File "<frozen importlib._bootstrap>", line 488, in _call_with_frames_removed
  File "/home/keith/python_projects/social_media_api/social_media_api/urls.py", line 22, in <module>
    path('api/', include('accounts.urls')),  # include accounts API
                 ^^^^^^^^^^^^^^^^^^^^^^^^
  File "/home/keith/python_projects/venv/lib/python3.12/site-packages/django/urls/conf.py", line 39, in include
    urlconf_module = import_module(urlconf_module)
                     ^^^^^^^^^^^^^^^^^^^^^^^^^^^^^
  File "/usr/lib/python3.12/importlib/__init__.py", line 90, in import_module
    return _bootstrap._gcd_import(name[level:], package, level)
           ^^^^^^^^^^^^^^^^^^^^^^^^^^^^^^^^^^^^^^^^^^^^^^^^^^^^
  File "<frozen importlib._bootstrap>", line 1387, in _gcd_import
  File "<frozen importlib._bootstrap>", line 1360, in _find_and_load
  File "<frozen importlib._bootstrap>", line 1331, in _find_and_load_unlocked
  File "<frozen importlib._bootstrap>", line 935, in _load_unlocked
  File "<frozen importlib._bootstrap_external>", line 995, in exec_module
  File "<frozen importlib._bootstrap>", line 488, in _call_with_frames_removed
  File "/home/keith/python_projects/social_media_api/accounts/urls.py", line 3, in <module>
    from .views import (
  File "/home/keith/python_projects/social_media_api/accounts/views.py", line 7, in <module>
    from .models import CustomUser
ImportError: cannot import name 'CustomUser' from 'accounts.models' (/home/keith/python_projects/social_media_api/accounts/models.py)

During handling of the above exception, another exception occurred:

Traceback (most recent call last):
  File "/home/keith/python_projects/social_media_api/manage.py", line 22, in <module>
    main()
  File "/home/keith/python_projects/social_media_api/manage.py", line 18, in main
    execute_from_command_line(sys.argv)
  File "/home/keith/python_projects/venv/lib/python3.12/site-packages/django/core/management/__init__.py", line 442, in execute_from_command_line
    utility.execute()
  File "/home/keith/python_projects/venv/lib/python3.12/site-packages/django/core/management/__init__.py", line 436, in execute
    self.fetch_command(subcommand).run_from_argv(self.argv)
  File "/home/keith/python_projects/venv/lib/python3.12/site-packages/django/core/management/base.py", line 416, in run_from_argv
    self.execute(*args, **cmd_options)
  File "/home/keith/python_projects/venv/lib/python3.12/site-packages/django/core/management/base.py", line 457, in execute
    self.check(**check_kwargs)
  File "/home/keith/python_projects/venv/lib/python3.12/site-packages/django/core/management/base.py", line 492, in check
    all_issues = checks.run_checks(
                 ^^^^^^^^^^^^^^^^^^
  File "/home/keith/python_projects/venv/lib/python3.12/site-packages/django/core/checks/registry.py", line 89, in run_checks
    new_errors = check(app_configs=app_configs, databases=databases)
                 ^^^^^^^^^^^^^^^^^^^^^^^^^^^^^^^^^^^^^^^^^^^^^^^^^^^
  File "/home/keith/python_projects/venv/lib/python3.12/site-packages/django/core/checks/urls.py", line 138, in check_custom_error_handlers
    path = getattr(resolver.urlconf_module, "handler%s" % status_code)
                   ^^^^^^^^^^^^^^^^^^^^^^^
  File "/home/keith/python_projects/venv/lib/python3.12/site-packages/django/utils/functional.py", line 47, in __get__
    res = instance.__dict__[self.name] = self.func(instance)
                                         ^^^^^^^^^^^^^^^^^^^
  File "/home/keith/python_projects/venv/lib/python3.12/site-packages/django/urls/resolvers.py", line 711, in urlconf_module
    return import_module(self.urlconf_name)
           ^^^^^^^^^^^^^^^^^^^^^^^^^^^^^^^^
  File "/usr/lib/python3.12/importlib/__init__.py", line 90, in import_module
    return _bootstrap._gcd_import(name[level:], package, level)
           ^^^^^^^^^^^^^^^^^^^^^^^^^^^^^^^^^^^^^^^^^^^^^^^^^^^^
  File "<frozen importlib._bootstrap>", line 1387, in _gcd_import
  File "<frozen importlib._bootstrap>", line 1360, in _find_and_load
  File "<frozen importlib._bootstrap>", line 1331, in _find_and_load_unlocked
  File "<frozen importlib._bootstrap>", line 935, in _load_unlocked
  File "<frozen importlib._bootstrap_external>", line 995, in exec_module
  File "<frozen importlib._bootstrap>", line 488, in _call_with_frames_removed
  File "/home/keith/python_projects/social_media_api/social_media_api/urls.py", line 22, in <module>
    path('api/', include('accounts.urls')),  # include accounts API
                 ^^^^^^^^^^^^^^^^^^^^^^^^
  File "/home/keith/python_projects/venv/lib/python3.12/site-packages/django/urls/conf.py", line 39, in include
    urlconf_module = import_module(urlconf_module)
                     ^^^^^^^^^^^^^^^^^^^^^^^^^^^^^
  File "/usr/lib/python3.12/importlib/__init__.py", line 90, in import_module
    return _bootstrap._gcd_import(name[level:], package, level)
           ^^^^^^^^^^^^^^^^^^^^^^^^^^^^^^^^^^^^^^^^^^^^^^^^^^^^
  File "<frozen importlib._bootstrap>", line 1387, in _gcd_import
  File "<frozen importlib._bootstrap>", line 1360, in _find_and_load
  File "<frozen importlib._bootstrap>", line 1331, in _find_and_load_unlocked
  File "<frozen importlib._bootstrap>", line 935, in _load_unlocked
  File "<frozen importlib._bootstrap_external>", line 995, in exec_module
  File "<frozen importlib._bootstrap>", line 488, in _call_with_frames_removed
  File "/home/keith/python_projects/social_media_api/accounts/urls.py", line 3, in <module>
    from .views import (
  File "/home/keith/python_projects/social_media_api/accounts/views.py", line 7, in <module>
    from .models import CustomUser
ImportError: cannot import name 'CustomUser' from 'accounts.models' (/home/keith/python_projects/social_media_api/accounts/models.py)
[ERROR] makemigrations failed.
=== DJFULL START === Sun Dec 14 07:49:06 PM EAT 2025
[1] makemigrations...
Traceback (most recent call last):
  File "/home/keith/python_projects/venv/lib/python3.12/site-packages/django/apps/config.py", line 235, in get_model
    return self.models[model_name.lower()]
           ~~~~~~~~~~~^^^^^^^^^^^^^^^^^^^^
KeyError: 'customuser'

During handling of the above exception, another exception occurred:

Traceback (most recent call last):
  File "/home/keith/python_projects/venv/lib/python3.12/site-packages/django/contrib/auth/__init__.py", line 283, in get_user_model
    return django_apps.get_model(settings.AUTH_USER_MODEL, require_ready=False)
           ^^^^^^^^^^^^^^^^^^^^^^^^^^^^^^^^^^^^^^^^^^^^^^^^^^^^^^^^^^^^^^^^^^^^
  File "/home/keith/python_projects/venv/lib/python3.12/site-packages/django/apps/registry.py", line 213, in get_model
    return app_config.get_model(model_name, require_ready=require_ready)
           ^^^^^^^^^^^^^^^^^^^^^^^^^^^^^^^^^^^^^^^^^^^^^^^^^^^^^^^^^^^^^
  File "/home/keith/python_projects/venv/lib/python3.12/site-packages/django/apps/config.py", line 237, in get_model
    raise LookupError(
LookupError: App 'accounts' doesn't have a 'CustomUser' model.

During handling of the above exception, another exception occurred:

Traceback (most recent call last):
  File "/home/keith/python_projects/social_media_api/manage.py", line 22, in <module>
    main()
  File "/home/keith/python_projects/social_media_api/manage.py", line 18, in main
    execute_from_command_line(sys.argv)
  File "/home/keith/python_projects/venv/lib/python3.12/site-packages/django/core/management/__init__.py", line 442, in execute_from_command_line
    utility.execute()
  File "/home/keith/python_projects/venv/lib/python3.12/site-packages/django/core/management/__init__.py", line 416, in execute
    django.setup()
  File "/home/keith/python_projects/venv/lib/python3.12/site-packages/django/__init__.py", line 24, in setup
    apps.populate(settings.INSTALLED_APPS)
  File "/home/keith/python_projects/venv/lib/python3.12/site-packages/django/apps/registry.py", line 116, in populate
    app_config.import_models()
  File "/home/keith/python_projects/venv/lib/python3.12/site-packages/django/apps/config.py", line 269, in import_models
    self.models_module = import_module(models_module_name)
                         ^^^^^^^^^^^^^^^^^^^^^^^^^^^^^^^^^
  File "/usr/lib/python3.12/importlib/__init__.py", line 90, in import_module
    return _bootstrap._gcd_import(name[level:], package, level)
           ^^^^^^^^^^^^^^^^^^^^^^^^^^^^^^^^^^^^^^^^^^^^^^^^^^^^
  File "<frozen importlib._bootstrap>", line 1387, in _gcd_import
  File "<frozen importlib._bootstrap>", line 1360, in _find_and_load
  File "<frozen importlib._bootstrap>", line 1331, in _find_and_load_unlocked
  File "<frozen importlib._bootstrap>", line 935, in _load_unlocked
  File "<frozen importlib._bootstrap_external>", line 995, in exec_module
  File "<frozen importlib._bootstrap>", line 488, in _call_with_frames_removed
  File "/home/keith/python_projects/social_media_api/posts/models.py", line 4, in <module>
    User = get_user_model()
           ^^^^^^^^^^^^^^^^
  File "/home/keith/python_projects/venv/lib/python3.12/site-packages/django/contrib/auth/__init__.py", line 289, in get_user_model
    raise ImproperlyConfigured(
django.core.exceptions.ImproperlyConfigured: AUTH_USER_MODEL refers to model 'accounts.CustomUser' that has not been installed
[ERROR] makemigrations failed.
=== DJFULL START === Sun Dec 14 07:50:38 PM EAT 2025
[1] makemigrations...
Traceback (most recent call last):
  File "/home/keith/python_projects/venv/lib/python3.12/site-packages/django/core/checks/urls.py", line 136, in check_custom_error_handlers
    handler = resolver.resolve_error_handler(status_code)
              ^^^^^^^^^^^^^^^^^^^^^^^^^^^^^^^^^^^^^^^^^^^
  File "/home/keith/python_projects/venv/lib/python3.12/site-packages/django/urls/resolvers.py", line 732, in resolve_error_handler
    callback = getattr(self.urlconf_module, "handler%s" % view_type, None)
                       ^^^^^^^^^^^^^^^^^^^
  File "/home/keith/python_projects/venv/lib/python3.12/site-packages/django/utils/functional.py", line 47, in __get__
    res = instance.__dict__[self.name] = self.func(instance)
                                         ^^^^^^^^^^^^^^^^^^^
  File "/home/keith/python_projects/venv/lib/python3.12/site-packages/django/urls/resolvers.py", line 711, in urlconf_module
    return import_module(self.urlconf_name)
           ^^^^^^^^^^^^^^^^^^^^^^^^^^^^^^^^
  File "/usr/lib/python3.12/importlib/__init__.py", line 90, in import_module
    return _bootstrap._gcd_import(name[level:], package, level)
           ^^^^^^^^^^^^^^^^^^^^^^^^^^^^^^^^^^^^^^^^^^^^^^^^^^^^
  File "<frozen importlib._bootstrap>", line 1387, in _gcd_import
  File "<frozen importlib._bootstrap>", line 1360, in _find_and_load
  File "<frozen importlib._bootstrap>", line 1331, in _find_and_load_unlocked
  File "<frozen importlib._bootstrap>", line 935, in _load_unlocked
  File "<frozen importlib._bootstrap_external>", line 995, in exec_module
  File "<frozen importlib._bootstrap>", line 488, in _call_with_frames_removed
  File "/home/keith/python_projects/social_media_api/social_media_api/urls.py", line 22, in <module>
    path('api/', include('accounts.urls')),  # include accounts API
                 ^^^^^^^^^^^^^^^^^^^^^^^^
  File "/home/keith/python_projects/venv/lib/python3.12/site-packages/django/urls/conf.py", line 39, in include
    urlconf_module = import_module(urlconf_module)
                     ^^^^^^^^^^^^^^^^^^^^^^^^^^^^^
  File "/usr/lib/python3.12/importlib/__init__.py", line 90, in import_module
    return _bootstrap._gcd_import(name[level:], package, level)
           ^^^^^^^^^^^^^^^^^^^^^^^^^^^^^^^^^^^^^^^^^^^^^^^^^^^^
  File "<frozen importlib._bootstrap>", line 1387, in _gcd_import
  File "<frozen importlib._bootstrap>", line 1360, in _find_and_load
  File "<frozen importlib._bootstrap>", line 1331, in _find_and_load_unlocked
  File "<frozen importlib._bootstrap>", line 935, in _load_unlocked
  File "<frozen importlib._bootstrap_external>", line 995, in exec_module
  File "<frozen importlib._bootstrap>", line 488, in _call_with_frames_removed
  File "/home/keith/python_projects/social_media_api/accounts/urls.py", line 3, in <module>
    from .views import (
  File "/home/keith/python_projects/social_media_api/accounts/views.py", line 7, in <module>
    from .models import CustomUser
ImportError: cannot import name 'CustomUser' from 'accounts.models' (/home/keith/python_projects/social_media_api/accounts/models.py)

During handling of the above exception, another exception occurred:

Traceback (most recent call last):
  File "/home/keith/python_projects/social_media_api/manage.py", line 22, in <module>
    main()
  File "/home/keith/python_projects/social_media_api/manage.py", line 18, in main
    execute_from_command_line(sys.argv)
  File "/home/keith/python_projects/venv/lib/python3.12/site-packages/django/core/management/__init__.py", line 442, in execute_from_command_line
    utility.execute()
  File "/home/keith/python_projects/venv/lib/python3.12/site-packages/django/core/management/__init__.py", line 436, in execute
    self.fetch_command(subcommand).run_from_argv(self.argv)
  File "/home/keith/python_projects/venv/lib/python3.12/site-packages/django/core/management/base.py", line 416, in run_from_argv
    self.execute(*args, **cmd_options)
  File "/home/keith/python_projects/venv/lib/python3.12/site-packages/django/core/management/base.py", line 457, in execute
    self.check(**check_kwargs)
  File "/home/keith/python_projects/venv/lib/python3.12/site-packages/django/core/management/base.py", line 492, in check
    all_issues = checks.run_checks(
                 ^^^^^^^^^^^^^^^^^^
  File "/home/keith/python_projects/venv/lib/python3.12/site-packages/django/core/checks/registry.py", line 89, in run_checks
    new_errors = check(app_configs=app_configs, databases=databases)
                 ^^^^^^^^^^^^^^^^^^^^^^^^^^^^^^^^^^^^^^^^^^^^^^^^^^^
  File "/home/keith/python_projects/venv/lib/python3.12/site-packages/django/core/checks/urls.py", line 138, in check_custom_error_handlers
    path = getattr(resolver.urlconf_module, "handler%s" % status_code)
                   ^^^^^^^^^^^^^^^^^^^^^^^
  File "/home/keith/python_projects/venv/lib/python3.12/site-packages/django/utils/functional.py", line 47, in __get__
    res = instance.__dict__[self.name] = self.func(instance)
                                         ^^^^^^^^^^^^^^^^^^^
  File "/home/keith/python_projects/venv/lib/python3.12/site-packages/django/urls/resolvers.py", line 711, in urlconf_module
    return import_module(self.urlconf_name)
           ^^^^^^^^^^^^^^^^^^^^^^^^^^^^^^^^
  File "/usr/lib/python3.12/importlib/__init__.py", line 90, in import_module
    return _bootstrap._gcd_import(name[level:], package, level)
           ^^^^^^^^^^^^^^^^^^^^^^^^^^^^^^^^^^^^^^^^^^^^^^^^^^^^
  File "<frozen importlib._bootstrap>", line 1387, in _gcd_import
  File "<frozen importlib._bootstrap>", line 1360, in _find_and_load
  File "<frozen importlib._bootstrap>", line 1331, in _find_and_load_unlocked
  File "<frozen importlib._bootstrap>", line 935, in _load_unlocked
  File "<frozen importlib._bootstrap_external>", line 995, in exec_module
  File "<frozen importlib._bootstrap>", line 488, in _call_with_frames_removed
  File "/home/keith/python_projects/social_media_api/social_media_api/urls.py", line 22, in <module>
    path('api/', include('accounts.urls')),  # include accounts API
                 ^^^^^^^^^^^^^^^^^^^^^^^^
  File "/home/keith/python_projects/venv/lib/python3.12/site-packages/django/urls/conf.py", line 39, in include
    urlconf_module = import_module(urlconf_module)
                     ^^^^^^^^^^^^^^^^^^^^^^^^^^^^^
  File "/usr/lib/python3.12/importlib/__init__.py", line 90, in import_module
    return _bootstrap._gcd_import(name[level:], package, level)
           ^^^^^^^^^^^^^^^^^^^^^^^^^^^^^^^^^^^^^^^^^^^^^^^^^^^^
  File "<frozen importlib._bootstrap>", line 1387, in _gcd_import
  File "<frozen importlib._bootstrap>", line 1360, in _find_and_load
  File "<frozen importlib._bootstrap>", line 1331, in _find_and_load_unlocked
  File "<frozen importlib._bootstrap>", line 935, in _load_unlocked
  File "<frozen importlib._bootstrap_external>", line 995, in exec_module
  File "<frozen importlib._bootstrap>", line 488, in _call_with_frames_removed
  File "/home/keith/python_projects/social_media_api/accounts/urls.py", line 3, in <module>
    from .views import (
  File "/home/keith/python_projects/social_media_api/accounts/views.py", line 7, in <module>
    from .models import CustomUser
ImportError: cannot import name 'CustomUser' from 'accounts.models' (/home/keith/python_projects/social_media_api/accounts/models.py)
[ERROR] makemigrations failed.
=== DJFULL START === Sun Dec 14 07:55:35 PM EAT 2025
[1] makemigrations...
Traceback (most recent call last):
  File "/home/keith/python_projects/venv/lib/python3.12/site-packages/django/core/checks/urls.py", line 136, in check_custom_error_handlers
    handler = resolver.resolve_error_handler(status_code)
              ^^^^^^^^^^^^^^^^^^^^^^^^^^^^^^^^^^^^^^^^^^^
  File "/home/keith/python_projects/venv/lib/python3.12/site-packages/django/urls/resolvers.py", line 732, in resolve_error_handler
    callback = getattr(self.urlconf_module, "handler%s" % view_type, None)
                       ^^^^^^^^^^^^^^^^^^^
  File "/home/keith/python_projects/venv/lib/python3.12/site-packages/django/utils/functional.py", line 47, in __get__
    res = instance.__dict__[self.name] = self.func(instance)
                                         ^^^^^^^^^^^^^^^^^^^
  File "/home/keith/python_projects/venv/lib/python3.12/site-packages/django/urls/resolvers.py", line 711, in urlconf_module
    return import_module(self.urlconf_name)
           ^^^^^^^^^^^^^^^^^^^^^^^^^^^^^^^^
  File "/usr/lib/python3.12/importlib/__init__.py", line 90, in import_module
    return _bootstrap._gcd_import(name[level:], package, level)
           ^^^^^^^^^^^^^^^^^^^^^^^^^^^^^^^^^^^^^^^^^^^^^^^^^^^^
  File "<frozen importlib._bootstrap>", line 1387, in _gcd_import
  File "<frozen importlib._bootstrap>", line 1360, in _find_and_load
  File "<frozen importlib._bootstrap>", line 1331, in _find_and_load_unlocked
  File "<frozen importlib._bootstrap>", line 935, in _load_unlocked
  File "<frozen importlib._bootstrap_external>", line 995, in exec_module
  File "<frozen importlib._bootstrap>", line 488, in _call_with_frames_removed
  File "/home/keith/python_projects/social_media_api/social_media_api/urls.py", line 22, in <module>
    path('api/', include('accounts.urls')),  # include accounts API
                 ^^^^^^^^^^^^^^^^^^^^^^^^
  File "/home/keith/python_projects/venv/lib/python3.12/site-packages/django/urls/conf.py", line 39, in include
    urlconf_module = import_module(urlconf_module)
                     ^^^^^^^^^^^^^^^^^^^^^^^^^^^^^
  File "/usr/lib/python3.12/importlib/__init__.py", line 90, in import_module
    return _bootstrap._gcd_import(name[level:], package, level)
           ^^^^^^^^^^^^^^^^^^^^^^^^^^^^^^^^^^^^^^^^^^^^^^^^^^^^
  File "<frozen importlib._bootstrap>", line 1387, in _gcd_import
  File "<frozen importlib._bootstrap>", line 1360, in _find_and_load
  File "<frozen importlib._bootstrap>", line 1331, in _find_and_load_unlocked
  File "<frozen importlib._bootstrap>", line 935, in _load_unlocked
  File "<frozen importlib._bootstrap_external>", line 995, in exec_module
  File "<frozen importlib._bootstrap>", line 488, in _call_with_frames_removed
  File "/home/keith/python_projects/social_media_api/accounts/urls.py", line 3, in <module>
    from .views import (
  File "/home/keith/python_projects/social_media_api/accounts/views.py", line 7, in <module>
    from .models import CustomUser
ImportError: cannot import name 'CustomUser' from 'accounts.models' (/home/keith/python_projects/social_media_api/accounts/models.py)

During handling of the above exception, another exception occurred:

Traceback (most recent call last):
  File "/home/keith/python_projects/social_media_api/manage.py", line 22, in <module>
    main()
  File "/home/keith/python_projects/social_media_api/manage.py", line 18, in main
    execute_from_command_line(sys.argv)
  File "/home/keith/python_projects/venv/lib/python3.12/site-packages/django/core/management/__init__.py", line 442, in execute_from_command_line
    utility.execute()
  File "/home/keith/python_projects/venv/lib/python3.12/site-packages/django/core/management/__init__.py", line 436, in execute
    self.fetch_command(subcommand).run_from_argv(self.argv)
  File "/home/keith/python_projects/venv/lib/python3.12/site-packages/django/core/management/base.py", line 416, in run_from_argv
    self.execute(*args, **cmd_options)
  File "/home/keith/python_projects/venv/lib/python3.12/site-packages/django/core/management/base.py", line 457, in execute
    self.check(**check_kwargs)
  File "/home/keith/python_projects/venv/lib/python3.12/site-packages/django/core/management/base.py", line 492, in check
    all_issues = checks.run_checks(
                 ^^^^^^^^^^^^^^^^^^
  File "/home/keith/python_projects/venv/lib/python3.12/site-packages/django/core/checks/registry.py", line 89, in run_checks
    new_errors = check(app_configs=app_configs, databases=databases)
                 ^^^^^^^^^^^^^^^^^^^^^^^^^^^^^^^^^^^^^^^^^^^^^^^^^^^
  File "/home/keith/python_projects/venv/lib/python3.12/site-packages/django/core/checks/urls.py", line 138, in check_custom_error_handlers
    path = getattr(resolver.urlconf_module, "handler%s" % status_code)
                   ^^^^^^^^^^^^^^^^^^^^^^^
  File "/home/keith/python_projects/venv/lib/python3.12/site-packages/django/utils/functional.py", line 47, in __get__
    res = instance.__dict__[self.name] = self.func(instance)
                                         ^^^^^^^^^^^^^^^^^^^
  File "/home/keith/python_projects/venv/lib/python3.12/site-packages/django/urls/resolvers.py", line 711, in urlconf_module
    return import_module(self.urlconf_name)
           ^^^^^^^^^^^^^^^^^^^^^^^^^^^^^^^^
  File "/usr/lib/python3.12/importlib/__init__.py", line 90, in import_module
    return _bootstrap._gcd_import(name[level:], package, level)
           ^^^^^^^^^^^^^^^^^^^^^^^^^^^^^^^^^^^^^^^^^^^^^^^^^^^^
  File "<frozen importlib._bootstrap>", line 1387, in _gcd_import
  File "<frozen importlib._bootstrap>", line 1360, in _find_and_load
  File "<frozen importlib._bootstrap>", line 1331, in _find_and_load_unlocked
  File "<frozen importlib._bootstrap>", line 935, in _load_unlocked
  File "<frozen importlib._bootstrap_external>", line 995, in exec_module
  File "<frozen importlib._bootstrap>", line 488, in _call_with_frames_removed
  File "/home/keith/python_projects/social_media_api/social_media_api/urls.py", line 22, in <module>
    path('api/', include('accounts.urls')),  # include accounts API
                 ^^^^^^^^^^^^^^^^^^^^^^^^
  File "/home/keith/python_projects/venv/lib/python3.12/site-packages/django/urls/conf.py", line 39, in include
    urlconf_module = import_module(urlconf_module)
                     ^^^^^^^^^^^^^^^^^^^^^^^^^^^^^
  File "/usr/lib/python3.12/importlib/__init__.py", line 90, in import_module
    return _bootstrap._gcd_import(name[level:], package, level)
           ^^^^^^^^^^^^^^^^^^^^^^^^^^^^^^^^^^^^^^^^^^^^^^^^^^^^
  File "<frozen importlib._bootstrap>", line 1387, in _gcd_import
  File "<frozen importlib._bootstrap>", line 1360, in _find_and_load
  File "<frozen importlib._bootstrap>", line 1331, in _find_and_load_unlocked
  File "<frozen importlib._bootstrap>", line 935, in _load_unlocked
  File "<frozen importlib._bootstrap_external>", line 995, in exec_module
  File "<frozen importlib._bootstrap>", line 488, in _call_with_frames_removed
  File "/home/keith/python_projects/social_media_api/accounts/urls.py", line 3, in <module>
    from .views import (
  File "/home/keith/python_projects/social_media_api/accounts/views.py", line 7, in <module>
    from .models import CustomUser
ImportError: cannot import name 'CustomUser' from 'accounts.models' (/home/keith/python_projects/social_media_api/accounts/models.py)
[ERROR] makemigrations failed.
=== DJFULL START === Sun Dec 14 07:58:33 PM EAT 2025
[1] makemigrations...
Migrations for 'posts':
  posts/migrations/0001_initial.py
    + Create model Post
    + Create model Comment
    + Create model Like
Migrations for 'notifications':
  notifications/migrations/0001_initial.py
    + Create model Notification
[2] migrate...
Operations to perform:
  Apply all migrations: accounts, admin, auth, authtoken, contenttypes, notifications, posts, sessions
Running migrations:
  Applying notifications.0001_initial... OK
  Applying posts.0001_initial... OK
